[2022-05-12 03:50:34,318] INFO Terminating process due to signal SIGHUP (org.apache.kafka.common.utils.LoggingSignalHandler)
[2022-05-12 03:50:34,319] INFO Terminating process due to signal SIGHUP (org.apache.kafka.common.utils.LoggingSignalHandler)
[2022-05-12 03:50:34,363] INFO [KafkaServer id=0] shutting down (kafka.server.KafkaServer)
[2022-05-12 03:50:34,364] INFO [KafkaServer id=0] Starting controlled shutdown (kafka.server.KafkaServer)
[2022-05-12 03:50:34,384] INFO [KafkaServer id=0] Controlled shutdown request returned successfully after 17ms (kafka.server.KafkaServer)
[2022-05-12 03:50:34,392] INFO [/config/changes-event-process-thread]: Shutting down (kafka.common.ZkNodeChangeNotificationListener$ChangeEventProcessThread)
[2022-05-12 03:50:34,397] INFO [/config/changes-event-process-thread]: Stopped (kafka.common.ZkNodeChangeNotificationListener$ChangeEventProcessThread)
[2022-05-12 03:50:34,399] INFO [/config/changes-event-process-thread]: Shutdown completed (kafka.common.ZkNodeChangeNotificationListener$ChangeEventProcessThread)
[2022-05-12 03:50:34,400] INFO [SocketServer listenerType=ZK_BROKER, nodeId=0] Stopping socket server request processors (kafka.network.SocketServer)
[2022-05-12 03:50:34,408] INFO [SocketServer listenerType=ZK_BROKER, nodeId=0] Stopped socket server request processors (kafka.network.SocketServer)
[2022-05-12 03:50:34,409] INFO [data-plane Kafka Request Handler on Broker 0], shutting down (kafka.server.KafkaRequestHandlerPool)
[2022-05-12 03:50:34,410] INFO [data-plane Kafka Request Handler on Broker 0], shut down completely (kafka.server.KafkaRequestHandlerPool)
[2022-05-12 03:50:34,415] INFO [ExpirationReaper-0-AlterAcls]: Shutting down (kafka.server.DelayedOperationPurgatory$ExpiredOperationReaper)
[2022-05-12 03:50:34,607] INFO [ExpirationReaper-0-AlterAcls]: Stopped (kafka.server.DelayedOperationPurgatory$ExpiredOperationReaper)
[2022-05-12 03:50:34,607] INFO [ExpirationReaper-0-AlterAcls]: Shutdown completed (kafka.server.DelayedOperationPurgatory$ExpiredOperationReaper)
[2022-05-12 03:50:34,608] INFO [KafkaApi-0] Shutdown complete. (kafka.server.KafkaApis)
[2022-05-12 03:50:34,609] INFO [ExpirationReaper-0-topic]: Shutting down (kafka.server.DelayedOperationPurgatory$ExpiredOperationReaper)
[2022-05-12 03:50:34,742] WARN Session 0x10003590d360000 for sever localhost/127.0.0.1:2181, Closing socket connection. Attempting reconnect except it is a SessionExpiredException. (org.apache.zookeeper.ClientCnxn)
EndOfStreamException: Unable to read additional data from server sessionid 0x10003590d360000, likely server has closed socket
	at org.apache.zookeeper.ClientCnxnSocketNIO.doIO(ClientCnxnSocketNIO.java:77)
	at org.apache.zookeeper.ClientCnxnSocketNIO.doTransport(ClientCnxnSocketNIO.java:350)
	at org.apache.zookeeper.ClientCnxn$SendThread.run(ClientCnxn.java:1290)
[2022-05-12 03:50:34,806] INFO [ExpirationReaper-0-topic]: Stopped (kafka.server.DelayedOperationPurgatory$ExpiredOperationReaper)
[2022-05-12 03:50:34,806] INFO [ExpirationReaper-0-topic]: Shutdown completed (kafka.server.DelayedOperationPurgatory$ExpiredOperationReaper)
[2022-05-12 03:50:34,808] INFO [TransactionCoordinator id=0] Shutting down. (kafka.coordinator.transaction.TransactionCoordinator)
[2022-05-12 03:50:34,809] INFO [Transaction State Manager 0]: Shutdown complete (kafka.coordinator.transaction.TransactionStateManager)
[2022-05-12 03:50:34,809] INFO [Transaction Marker Channel Manager 0]: Shutting down (kafka.coordinator.transaction.TransactionMarkerChannelManager)
[2022-05-12 03:50:34,809] INFO [Transaction Marker Channel Manager 0]: Stopped (kafka.coordinator.transaction.TransactionMarkerChannelManager)
[2022-05-12 03:50:34,809] INFO [Transaction Marker Channel Manager 0]: Shutdown completed (kafka.coordinator.transaction.TransactionMarkerChannelManager)
[2022-05-12 03:50:34,810] INFO [TransactionCoordinator id=0] Shutdown complete. (kafka.coordinator.transaction.TransactionCoordinator)
[2022-05-12 03:50:34,810] INFO [GroupCoordinator 0]: Shutting down. (kafka.coordinator.group.GroupCoordinator)
[2022-05-12 03:50:34,810] INFO [ExpirationReaper-0-Heartbeat]: Shutting down (kafka.server.DelayedOperationPurgatory$ExpiredOperationReaper)
[2022-05-12 03:50:35,006] INFO [ExpirationReaper-0-Heartbeat]: Stopped (kafka.server.DelayedOperationPurgatory$ExpiredOperationReaper)
[2022-05-12 03:50:35,006] INFO [ExpirationReaper-0-Heartbeat]: Shutdown completed (kafka.server.DelayedOperationPurgatory$ExpiredOperationReaper)
[2022-05-12 03:50:35,007] INFO [ExpirationReaper-0-Rebalance]: Shutting down (kafka.server.DelayedOperationPurgatory$ExpiredOperationReaper)
[2022-05-12 03:50:35,198] INFO [ExpirationReaper-0-Rebalance]: Stopped (kafka.server.DelayedOperationPurgatory$ExpiredOperationReaper)
[2022-05-12 03:50:35,198] INFO [ExpirationReaper-0-Rebalance]: Shutdown completed (kafka.server.DelayedOperationPurgatory$ExpiredOperationReaper)
[2022-05-12 03:50:35,199] INFO [GroupCoordinator 0]: Shutdown complete. (kafka.coordinator.group.GroupCoordinator)
[2022-05-12 03:50:35,200] INFO [ReplicaManager broker=0] Shutting down (kafka.server.ReplicaManager)
[2022-05-12 03:50:35,200] INFO [LogDirFailureHandler]: Shutting down (kafka.server.ReplicaManager$LogDirFailureHandler)
[2022-05-12 03:50:35,201] INFO [LogDirFailureHandler]: Stopped (kafka.server.ReplicaManager$LogDirFailureHandler)
[2022-05-12 03:50:35,201] INFO [LogDirFailureHandler]: Shutdown completed (kafka.server.ReplicaManager$LogDirFailureHandler)
[2022-05-12 03:50:35,201] INFO [ReplicaFetcherManager on broker 0] shutting down (kafka.server.ReplicaFetcherManager)
[2022-05-12 03:50:35,202] INFO [ReplicaFetcherManager on broker 0] shutdown completed (kafka.server.ReplicaFetcherManager)
[2022-05-12 03:50:35,202] INFO [ReplicaAlterLogDirsManager on broker 0] shutting down (kafka.server.ReplicaAlterLogDirsManager)
[2022-05-12 03:50:35,202] INFO [ReplicaAlterLogDirsManager on broker 0] shutdown completed (kafka.server.ReplicaAlterLogDirsManager)
[2022-05-12 03:50:35,202] INFO [ExpirationReaper-0-Fetch]: Shutting down (kafka.server.DelayedOperationPurgatory$ExpiredOperationReaper)
[2022-05-12 03:50:35,209] INFO [ExpirationReaper-0-Fetch]: Stopped (kafka.server.DelayedOperationPurgatory$ExpiredOperationReaper)
[2022-05-12 03:50:35,209] INFO [ExpirationReaper-0-Fetch]: Shutdown completed (kafka.server.DelayedOperationPurgatory$ExpiredOperationReaper)
[2022-05-12 03:50:35,210] INFO [ExpirationReaper-0-Produce]: Shutting down (kafka.server.DelayedOperationPurgatory$ExpiredOperationReaper)
[2022-05-12 03:50:35,407] INFO [ExpirationReaper-0-Produce]: Stopped (kafka.server.DelayedOperationPurgatory$ExpiredOperationReaper)
[2022-05-12 03:50:35,407] INFO [ExpirationReaper-0-Produce]: Shutdown completed (kafka.server.DelayedOperationPurgatory$ExpiredOperationReaper)
[2022-05-12 03:50:35,407] INFO [ExpirationReaper-0-DeleteRecords]: Shutting down (kafka.server.DelayedOperationPurgatory$ExpiredOperationReaper)
[2022-05-12 03:50:35,602] INFO [ExpirationReaper-0-DeleteRecords]: Stopped (kafka.server.DelayedOperationPurgatory$ExpiredOperationReaper)
[2022-05-12 03:50:35,602] INFO [ExpirationReaper-0-DeleteRecords]: Shutdown completed (kafka.server.DelayedOperationPurgatory$ExpiredOperationReaper)
[2022-05-12 03:50:35,603] INFO [ExpirationReaper-0-ElectLeader]: Shutting down (kafka.server.DelayedOperationPurgatory$ExpiredOperationReaper)
[2022-05-12 03:50:35,607] INFO [ExpirationReaper-0-ElectLeader]: Stopped (kafka.server.DelayedOperationPurgatory$ExpiredOperationReaper)
[2022-05-12 03:50:35,607] INFO [ExpirationReaper-0-ElectLeader]: Shutdown completed (kafka.server.DelayedOperationPurgatory$ExpiredOperationReaper)
[2022-05-12 03:50:35,615] INFO [ReplicaManager broker=0] Shut down completely (kafka.server.ReplicaManager)
[2022-05-12 03:50:35,616] INFO [BrokerToControllerChannelManager broker=0 name=alterIsr]: Shutting down (kafka.server.BrokerToControllerRequestThread)
[2022-05-12 03:50:35,616] INFO [BrokerToControllerChannelManager broker=0 name=alterIsr]: Stopped (kafka.server.BrokerToControllerRequestThread)
[2022-05-12 03:50:35,616] INFO [BrokerToControllerChannelManager broker=0 name=alterIsr]: Shutdown completed (kafka.server.BrokerToControllerRequestThread)
[2022-05-12 03:50:35,620] INFO Broker to controller channel manager for alterIsr shutdown (kafka.server.BrokerToControllerChannelManagerImpl)
[2022-05-12 03:50:35,621] INFO [BrokerToControllerChannelManager broker=0 name=forwarding]: Shutting down (kafka.server.BrokerToControllerRequestThread)
[2022-05-12 03:50:35,621] INFO [BrokerToControllerChannelManager broker=0 name=forwarding]: Stopped (kafka.server.BrokerToControllerRequestThread)
[2022-05-12 03:50:35,621] INFO [BrokerToControllerChannelManager broker=0 name=forwarding]: Shutdown completed (kafka.server.BrokerToControllerRequestThread)
[2022-05-12 03:50:35,622] INFO Broker to controller channel manager for forwarding shutdown (kafka.server.BrokerToControllerChannelManagerImpl)
[2022-05-12 03:50:35,623] INFO Shutting down. (kafka.log.LogManager)
[2022-05-12 03:50:35,652] INFO [ProducerStateManager partition=__consumer_offsets-29] Wrote producer snapshot at offset 25 with 0 producer ids in 3 ms. (kafka.log.ProducerStateManager)
[2022-05-12 03:50:35,659] INFO [ProducerStateManager partition=__consumer_offsets-35] Wrote producer snapshot at offset 31 with 0 producer ids in 4 ms. (kafka.log.ProducerStateManager)
[2022-05-12 03:50:35,693] INFO [ProducerStateManager partition=__consumer_offsets-41] Wrote producer snapshot at offset 3 with 0 producer ids in 14 ms. (kafka.log.ProducerStateManager)
[2022-05-12 03:50:35,713] INFO [ProducerStateManager partition=__consumer_offsets-8] Wrote producer snapshot at offset 14 with 0 producer ids in 5 ms. (kafka.log.ProducerStateManager)
[2022-05-12 03:50:35,726] INFO [ProducerStateManager partition=streams-plaintext-input-0] Wrote producer snapshot at offset 45 with 0 producer ids in 4 ms. (kafka.log.ProducerStateManager)
[2022-05-12 03:50:35,735] INFO [ProducerStateManager partition=streams-pipe-output-0] Wrote producer snapshot at offset 50 with 0 producer ids in 5 ms. (kafka.log.ProducerStateManager)
[2022-05-12 03:50:35,750] INFO [ProducerStateManager partition=__consumer_offsets-27] Wrote producer snapshot at offset 3 with 0 producer ids in 5 ms. (kafka.log.ProducerStateManager)
[2022-05-12 03:50:35,759] INFO [ProducerStateManager partition=__consumer_offsets-32] Wrote producer snapshot at offset 3 with 0 producer ids in 4 ms. (kafka.log.ProducerStateManager)
[2022-05-12 03:50:35,775] INFO [ProducerStateManager partition=__consumer_offsets-39] Wrote producer snapshot at offset 3 with 0 producer ids in 5 ms. (kafka.log.ProducerStateManager)
[2022-05-12 03:50:35,790] INFO [ProducerStateManager partition=__consumer_offsets-47] Wrote producer snapshot at offset 3 with 0 producer ids in 3 ms. (kafka.log.ProducerStateManager)
[2022-05-12 03:50:35,797] INFO [ProducerStateManager partition=__consumer_offsets-22] Wrote producer snapshot at offset 3 with 0 producer ids in 3 ms. (kafka.log.ProducerStateManager)
[2022-05-12 03:50:35,809] INFO [ProducerStateManager partition=__consumer_offsets-31] Wrote producer snapshot at offset 3 with 0 producer ids in 4 ms. (kafka.log.ProducerStateManager)
[2022-05-12 03:50:35,816] INFO [ProducerStateManager partition=streams-linesplit-output-0] Wrote producer snapshot at offset 63 with 0 producer ids in 4 ms. (kafka.log.ProducerStateManager)
[2022-05-12 03:50:35,836] INFO Shutdown complete. (kafka.log.LogManager)
[2022-05-12 03:50:35,848] INFO [feature-zk-node-event-process-thread]: Shutting down (kafka.server.FinalizedFeatureChangeListener$ChangeNotificationProcessorThread)
[2022-05-12 03:50:35,849] INFO [feature-zk-node-event-process-thread]: Stopped (kafka.server.FinalizedFeatureChangeListener$ChangeNotificationProcessorThread)
[2022-05-12 03:50:35,849] INFO [feature-zk-node-event-process-thread]: Shutdown completed (kafka.server.FinalizedFeatureChangeListener$ChangeNotificationProcessorThread)
[2022-05-12 03:50:35,849] INFO [ZooKeeperClient Kafka server] Closing. (kafka.zookeeper.ZooKeeperClient)
[2022-05-12 03:50:36,265] INFO Opening socket connection to server localhost/127.0.0.1:2181. (org.apache.zookeeper.ClientCnxn)
[2022-05-12 03:50:36,265] INFO SASL config status: Will not attempt to authenticate using SASL (unknown error) (org.apache.zookeeper.ClientCnxn)
[2022-05-12 03:50:36,265] WARN An exception was thrown while closing send thread for session 0x10003590d360000. (org.apache.zookeeper.ClientCnxn)
java.net.ConnectException: Connection refused
	at sun.nio.ch.SocketChannelImpl.checkConnect(Native Method)
	at sun.nio.ch.SocketChannelImpl.finishConnect(SocketChannelImpl.java:716)
	at org.apache.zookeeper.ClientCnxnSocketNIO.doTransport(ClientCnxnSocketNIO.java:344)
	at org.apache.zookeeper.ClientCnxn$SendThread.run(ClientCnxn.java:1290)
[2022-05-12 03:50:36,367] INFO Session: 0x10003590d360000 closed (org.apache.zookeeper.ZooKeeper)
[2022-05-12 03:50:36,368] INFO [ZooKeeperClient Kafka server] Closed. (kafka.zookeeper.ZooKeeperClient)
[2022-05-12 03:50:36,368] INFO [ThrottledChannelReaper-Fetch]: Shutting down (kafka.server.ClientQuotaManager$ThrottledChannelReaper)
[2022-05-12 03:50:36,367] INFO EventThread shut down for session: 0x10003590d360000 (org.apache.zookeeper.ClientCnxn)
[2022-05-12 03:50:36,996] INFO [ThrottledChannelReaper-Fetch]: Stopped (kafka.server.ClientQuotaManager$ThrottledChannelReaper)
[2022-05-12 03:50:36,996] INFO [ThrottledChannelReaper-Fetch]: Shutdown completed (kafka.server.ClientQuotaManager$ThrottledChannelReaper)
[2022-05-12 03:50:36,996] INFO [ThrottledChannelReaper-Produce]: Shutting down (kafka.server.ClientQuotaManager$ThrottledChannelReaper)
[2022-05-12 03:50:37,997] INFO [ThrottledChannelReaper-Produce]: Shutdown completed (kafka.server.ClientQuotaManager$ThrottledChannelReaper)
[2022-05-12 03:50:37,997] INFO [ThrottledChannelReaper-Produce]: Stopped (kafka.server.ClientQuotaManager$ThrottledChannelReaper)
[2022-05-12 03:50:37,997] INFO [ThrottledChannelReaper-Request]: Shutting down (kafka.server.ClientQuotaManager$ThrottledChannelReaper)
[2022-05-12 03:50:38,995] INFO [ThrottledChannelReaper-Request]: Stopped (kafka.server.ClientQuotaManager$ThrottledChannelReaper)
[2022-05-12 03:50:38,995] INFO [ThrottledChannelReaper-Request]: Shutdown completed (kafka.server.ClientQuotaManager$ThrottledChannelReaper)
[2022-05-12 03:50:38,995] INFO [ThrottledChannelReaper-ControllerMutation]: Shutting down (kafka.server.ClientQuotaManager$ThrottledChannelReaper)
